{"context":{"allowJs":false,"logLevel":20,"namespace":"jest-preset","package":"ts-jest","version":"24.0.2"},"message":"creating jest presets not handling JavaScript files","sequence":1,"time":"2019-05-26T04:52:50.352Z"}
{"context":{"logLevel":20,"namespace":"Importer","package":"ts-jest","version":"24.0.2"},"message":"creating Importer singleton","sequence":2,"time":"2019-05-26T04:52:51.088Z"}
{"context":{"allowJs":false,"logLevel":20,"namespace":"jest-preset","package":"ts-jest","version":"24.0.2"},"message":"creating jest presets not handling JavaScript files","sequence":3,"time":"2019-05-26T04:52:51.092Z"}
{"context":{"actualVersion":"24.8.0","expectedVersion":">=24 <25","logLevel":20,"namespace":"versions","package":"ts-jest","version":"24.0.2"},"message":"checking version of jest: OK","sequence":4,"time":"2019-05-26T04:52:51.094Z"}
{"context":{"baseOptions":{},"logLevel":20,"namespace":"jest-transformer","package":"ts-jest","transformerId":1,"version":"24.0.2"},"message":"created new transformer","sequence":5,"time":"2019-05-26T04:52:51.094Z"}
{"context":{"fileName":"/js/server/src/spec.ts","logLevel":20,"namespace":"jest-transformer","package":"ts-jest","transformOptions":{"config":{"automock":false,"browser":false,"cache":true,"cacheDirectory":"/tmp/jest_0","clearMocks":true,"coveragePathIgnorePatterns":["/node_modules/"],"cwd":"/js","dependencyExtractor":null,"detectLeaks":false,"detectOpenHandles":false,"displayName":"SERVER","errorOnDeprecated":false,"filter":null,"forceCoverageMatch":[],"globalSetup":null,"globalTeardown":null,"globals":{"ts-jest":{"tsConfig":"tsconfig.json"}},"haste":{"computeSha1":false,"providesModuleNodeModules":[],"throwOnModuleCollision":false},"moduleDirectories":["node_modules"],"moduleFileExtensions":["js","json","jsx","ts","tsx","node"],"moduleNameMapper":{},"modulePathIgnorePatterns":[],"name":"524dcda91d222f1438dacdc6254406cd","prettierPath":"prettier","resetMocks":false,"resetModules":false,"resolver":null,"restoreMocks":false,"rootDir":"/js/server","roots":["/js/server/src"],"runner":"jest-runner","setupFiles":[],"setupFilesAfterEnv":[],"skipFilter":false,"snapshotSerializers":[],"testEnvironment":"/js/node_modules/jest-environment-node/build/index.js","testEnvironmentOptions":{},"testLocationInResults":false,"testMatch":["**/__spec__/**/*.ts","**/?(*.)spec.ts"],"testPathIgnorePatterns":["/node_modules/"],"testRegex":[],"testRunner":"/js/node_modules/jest-jasmine2/build/index.js","testURL":"http://localhost","timers":"real","transform":[["^.+\\.tsx?$","/js/node_modules/ts-jest/dist/index.js"]],"transformIgnorePatterns":["/node_modules/"],"watchPathIgnorePatterns":[]},"instrument":false,"rootDir":"/js/server"},"transformerId":1,"version":"24.0.2"},"message":"computing cache key for /js/server/src/spec.ts","sequence":6,"time":"2019-05-26T04:52:51.095Z"}
{"context":{"logLevel":30,"namespace":"jest-transformer","package":"ts-jest","transformerId":1,"version":"24.0.2"},"message":"no matching config-set found, creating a new one","sequence":7,"time":"2019-05-26T04:52:51.095Z"}
{"context":{"config":{"automock":false,"browser":false,"cache":true,"cacheDirectory":"/tmp/jest_0","clearMocks":true,"coveragePathIgnorePatterns":["/node_modules/"],"cwd":"/js","dependencyExtractor":null,"detectLeaks":false,"detectOpenHandles":false,"displayName":"SERVER","errorOnDeprecated":false,"filter":null,"forceCoverageMatch":[],"globalSetup":null,"globalTeardown":null,"globals":{"ts-jest":{"tsConfig":"tsconfig.json"}},"haste":{"computeSha1":false,"providesModuleNodeModules":[],"throwOnModuleCollision":false},"moduleDirectories":["node_modules"],"moduleFileExtensions":["js","json","jsx","ts","tsx","node"],"moduleNameMapper":{},"modulePathIgnorePatterns":[],"name":"524dcda91d222f1438dacdc6254406cd","prettierPath":"prettier","resetMocks":false,"resetModules":false,"resolver":null,"restoreMocks":false,"rootDir":"/js/server","roots":["/js/server/src"],"runner":"jest-runner","setupFiles":[],"setupFilesAfterEnv":[],"skipFilter":false,"snapshotSerializers":[],"testEnvironment":"/js/node_modules/jest-environment-node/build/index.js","testEnvironmentOptions":{},"testLocationInResults":false,"testMatch":["**/__spec__/**/*.ts","**/?(*.)spec.ts"],"testPathIgnorePatterns":["/node_modules/"],"testRegex":[],"testRunner":"/js/node_modules/jest-jasmine2/build/index.js","testURL":"http://localhost","timers":"real","transform":[["^.+\\.tsx?$","/js/node_modules/ts-jest/dist/index.js"]],"transformIgnorePatterns":["/node_modules/"],"watchPathIgnorePatterns":[]},"logLevel":20,"namespace":"backports","package":"ts-jest","transformerId":1,"version":"24.0.2"},"message":"backporting config","sequence":8,"time":"2019-05-26T04:52:51.096Z"}
{"context":{"jestConfig":{"automock":false,"browser":false,"cache":true,"cacheDirectory":"/tmp/jest_0","clearMocks":true,"coveragePathIgnorePatterns":["/node_modules/"],"cwd":"/js","dependencyExtractor":null,"detectLeaks":false,"detectOpenHandles":false,"displayName":"SERVER","errorOnDeprecated":false,"filter":null,"forceCoverageMatch":[],"globalSetup":null,"globalTeardown":null,"globals":{"ts-jest":{"tsConfig":"tsconfig.json"}},"haste":{"computeSha1":false,"providesModuleNodeModules":[],"throwOnModuleCollision":false},"moduleDirectories":["node_modules"],"moduleFileExtensions":["js","json","jsx","ts","tsx","node"],"moduleNameMapper":{},"modulePathIgnorePatterns":[],"name":"524dcda91d222f1438dacdc6254406cd","prettierPath":"prettier","resetMocks":false,"resetModules":false,"resolver":null,"restoreMocks":false,"rootDir":"/js/server","roots":["/js/server/src"],"runner":"jest-runner","setupFiles":[],"setupFilesAfterEnv":[],"skipFilter":false,"snapshotSerializers":[],"testEnvironment":"/js/node_modules/jest-environment-node/build/index.js","testEnvironmentOptions":{},"testLocationInResults":false,"testMatch":["**/__spec__/**/*.ts","**/?(*.)spec.ts"],"testPathIgnorePatterns":["/node_modules/"],"testRegex":[],"testRunner":"/js/node_modules/jest-jasmine2/build/index.js","testURL":"http://localhost","timers":"real","transform":[["^.+\\.tsx?$","/js/node_modules/ts-jest/dist/index.js"]],"transformIgnorePatterns":["/node_modules/"],"watchPathIgnorePatterns":[]},"logLevel":20,"namespace":"config","package":"ts-jest","transformerId":1,"version":"24.0.2"},"message":"normalized jest config","sequence":9,"time":"2019-05-26T04:52:51.096Z"}
{"context":{"fromPath":"tsconfig.json","logLevel":20,"namespace":"config","package":"ts-jest","toPath":"/js/tsconfig.json","transformerId":1,"version":"24.0.2"},"message":"resolved path from tsconfig.json to /js/tsconfig.json","sequence":10,"time":"2019-05-26T04:52:51.097Z"}
{"context":{"logLevel":20,"namespace":"config","package":"ts-jest","transformerId":1,"tsJestConfig":{"compiler":"typescript","diagnostics":{"ignoreCodes":[6059,18002,18003],"pretty":true,"throws":true},"isolatedModules":false,"packageJson":{"kind":"file"},"transformers":[],"tsConfig":{"kind":"file","value":"/js/tsconfig.json"}},"version":"24.0.2"},"message":"normalized ts-jest config","sequence":11,"time":"2019-05-26T04:52:51.097Z"}
{"context":{"logLevel":20,"namespace":"config","package":"ts-jest","transformerId":1,"version":"24.0.2"},"message":"babel is disabled","sequence":12,"time":"2019-05-26T04:52:51.099Z"}
{"context":{"logLevel":20,"namespace":"Importer","package":"ts-jest","requireResult":{"exists":true,"given":"typescript","path":"/js/node_modules/typescript/lib/typescript.js"},"version":"24.0.2"},"message":"loaded module typescript","sequence":13,"time":"2019-05-26T04:52:51.336Z"}
{"context":{"logLevel":20,"namespace":"Importer","package":"ts-jest","version":"24.0.2"},"message":"patching typescript","sequence":14,"time":"2019-05-26T04:52:51.336Z"}
{"context":{"actualVersion":"3.5.0-rc","expectedVersion":">=2.7 <4","logLevel":20,"namespace":"versions","package":"ts-jest","version":"24.0.2"},"message":"checking version of typescript: NOT OK","sequence":15,"time":"2019-05-26T04:52:51.336Z"}
{"context":{"logLevel":40,"namespace":"versions","package":"ts-jest","version":"24.0.2"},"message":"Version 3.5.0-rc of typescript installed has not been tested with ts-jest. If you're experiencing issues, consider using a supported version (>=2.7.0 <4.0.0). Please do not report issues in ts-jest if you are using unsupported versions.","sequence":16,"time":"2019-05-26T04:52:51.337Z"}
{"context":{"logLevel":20,"namespace":"config","package":"ts-jest","transformerId":1,"tsConfigFileName":"/js/tsconfig.json","version":"24.0.2"},"message":"readTsConfig(): reading /js/tsconfig.json","sequence":17,"time":"2019-05-26T04:52:51.337Z"}
{"context":{"logLevel":20,"namespace":"config","package":"ts-jest","transformerId":1,"tsconfig":{"input":{"compilerOptions":{},"files":[],"references":[{"path":"./common"},{"path":"./server"}]},"resolved":{"compileOnSave":false,"configFileSpecs":{"filesSpecs":[],"wildcardDirectories":{}},"errors":[],"fileNames":[],"options":{"configFilePath":"/js/tsconfig.json","declaration":false,"inlineSourceMap":false,"inlineSources":true,"module":1,"noEmit":false,"outDir":"$$ts-jest$$","removeComments":false,"sourceMap":true,"target":1},"projectReferences":[{"originalPath":"./common","path":"/js/common"},{"originalPath":"./server","path":"/js/server"}],"raw":{"compileOnSave":false,"compilerOptions":{},"files":[],"references":[{"path":"./common"},{"path":"./server"}]},"typeAcquisition":{"enable":false,"exclude":[],"include":[]},"wildcardDirectories":{}}},"version":"24.0.2"},"message":"normalized typescript config","sequence":18,"time":"2019-05-26T04:52:51.345Z"}
{"context":{"fileName":"/js/server/src/spec.ts","logLevel":20,"namespace":"jest-transformer","package":"ts-jest","transformOptions":{"instrument":false},"transformerId":1,"version":"24.0.2"},"message":"processing /js/server/src/spec.ts","sequence":19,"time":"2019-05-26T04:52:51.347Z"}
{"context":{"logLevel":20,"namespace":"ts-compiler","package":"ts-jest","transformerId":1,"version":"24.0.2"},"message":"creating typescript compiler (language service)","sequence":20,"time":"2019-05-26T04:52:51.348Z"}
{"context":{"cacheDirectory":"/tmp/jest_0/ts-jest/6b/23dc669fe8df849f5f80f06c45a478cbe78297","logLevel":20,"namespace":"config","package":"ts-jest","version":"24.0.2"},"message":"will use file caching","sequence":21,"time":"2019-05-26T04:52:51.349Z"}
{"context":{"logLevel":20,"namespace":"ts-compiler","package":"ts-jest","transformerId":1,"version":"24.0.2"},"message":"creating language service","sequence":22,"time":"2019-05-26T04:52:51.349Z"}
{"context":{"fileName":"/js/server/src/spec.ts","logLevel":20,"namespace":"ts-compiler","package":"ts-jest","transformerId":1,"version":"24.0.2"},"message":"readThrough(): cache miss","sequence":23,"time":"2019-05-26T04:52:51.351Z"}
{"context":{"fileName":"/js/server/src/spec.ts","logLevel":20,"namespace":"ts-compiler","package":"ts-jest","transformerId":1,"version":"24.0.2"},"message":"getOutput(): compiling using language service","sequence":24,"time":"2019-05-26T04:52:51.351Z"}
{"context":{"fileName":"/js/server/src/spec.ts","logLevel":20,"namespace":"ts-compiler","package":"ts-jest","transformerId":1,"version":"24.0.2"},"message":"updateMemoryCache()","sequence":25,"time":"2019-05-26T04:52:51.351Z"}
{"context":{"cacheHit":true,"fileName":"/js/server/src/spec.ts","logLevel":10,"namespace":"ts-compiler","package":"ts-jest","transformerId":1,"version":"24.0.2"},"message":"getScriptSnapshot(): cache hit","sequence":26,"time":"2019-05-26T04:52:51.352Z"}
{"context":{"cacheHit":false,"fileName":"/js/server/src/Product.ts","logLevel":10,"namespace":"ts-compiler","package":"ts-jest","transformerId":1,"version":"24.0.2"},"message":"getScriptSnapshot(): cache miss","sequence":27,"time":"2019-05-26T04:52:51.363Z"}
{"context":{"call":null,"logLevel":10,"namespace":"ts:serviceHost","package":"ts-jest","transformerId":1,"version":"24.0.2"},"message":"readFile","sequence":28,"time":"2019-05-26T04:52:51.370Z"}
{"context":{"cacheHit":false,"fileName":"/js/node_modules/common/build/index.d.ts","logLevel":10,"namespace":"ts-compiler","package":"ts-jest","transformerId":1,"version":"24.0.2"},"message":"getScriptSnapshot(): cache miss","sequence":29,"time":"2019-05-26T04:52:51.373Z"}
{"context":{"call":null,"logLevel":10,"namespace":"ts:serviceHost","package":"ts-jest","transformerId":1,"version":"24.0.2"},"message":"readFile","sequence":30,"time":"2019-05-26T04:52:51.374Z"}
{"context":{"cacheHit":false,"fileName":"/js/node_modules/common/build/models.d.ts","logLevel":10,"namespace":"ts-compiler","package":"ts-jest","transformerId":1,"version":"24.0.2"},"message":"getScriptSnapshot(): cache miss","sequence":31,"time":"2019-05-26T04:52:51.375Z"}
{"context":{"call":null,"logLevel":10,"namespace":"ts:serviceHost","package":"ts-jest","transformerId":1,"version":"24.0.2"},"message":"readFile","sequence":32,"time":"2019-05-26T04:52:51.376Z"}
{"context":{"cacheHit":false,"fileName":"/js/node_modules/common/build/utils.d.ts","logLevel":10,"namespace":"ts-compiler","package":"ts-jest","transformerId":1,"version":"24.0.2"},"message":"getScriptSnapshot(): cache miss","sequence":33,"time":"2019-05-26T04:52:51.377Z"}
{"context":{"call":null,"logLevel":10,"namespace":"ts:serviceHost","package":"ts-jest","transformerId":1,"version":"24.0.2"},"message":"readFile","sequence":34,"time":"2019-05-26T04:52:51.378Z"}
{"context":{"call":null,"logLevel":10,"namespace":"ts:serviceHost","package":"ts-jest","transformerId":1,"version":"24.0.2"},"message":"readFile","sequence":35,"time":"2019-05-26T04:52:51.381Z"}
{"context":{"call":null,"logLevel":10,"namespace":"ts:serviceHost","package":"ts-jest","transformerId":1,"version":"24.0.2"},"message":"readFile","sequence":36,"time":"2019-05-26T04:52:51.382Z"}
{"context":{"call":null,"logLevel":10,"namespace":"ts:serviceHost","package":"ts-jest","transformerId":1,"version":"24.0.2"},"message":"readFile","sequence":37,"time":"2019-05-26T04:52:51.384Z"}
{"context":{"call":null,"logLevel":10,"namespace":"ts:serviceHost","package":"ts-jest","transformerId":1,"version":"24.0.2"},"message":"readFile","sequence":38,"time":"2019-05-26T04:52:51.386Z"}
{"context":{"call":null,"logLevel":10,"namespace":"ts:serviceHost","package":"ts-jest","transformerId":1,"version":"24.0.2"},"message":"readFile","sequence":39,"time":"2019-05-26T04:52:51.387Z"}
{"context":{"call":null,"logLevel":10,"namespace":"ts:serviceHost","package":"ts-jest","transformerId":1,"version":"24.0.2"},"message":"readFile","sequence":40,"time":"2019-05-26T04:52:51.388Z"}
{"context":{"call":null,"logLevel":10,"namespace":"ts:serviceHost","package":"ts-jest","transformerId":1,"version":"24.0.2"},"message":"readFile","sequence":41,"time":"2019-05-26T04:52:51.390Z"}
{"context":{"call":null,"logLevel":10,"namespace":"ts:serviceHost","package":"ts-jest","transformerId":1,"version":"24.0.2"},"message":"readFile","sequence":42,"time":"2019-05-26T04:52:51.391Z"}
{"context":{"call":null,"logLevel":10,"namespace":"ts:serviceHost","package":"ts-jest","transformerId":1,"version":"24.0.2"},"message":"readFile","sequence":43,"time":"2019-05-26T04:52:51.398Z"}
{"context":{"call":null,"logLevel":10,"namespace":"ts:serviceHost","package":"ts-jest","transformerId":1,"version":"24.0.2"},"message":"readFile","sequence":44,"time":"2019-05-26T04:52:51.400Z"}
{"context":{"call":null,"logLevel":10,"namespace":"ts:serviceHost","package":"ts-jest","transformerId":1,"version":"24.0.2"},"message":"readFile","sequence":45,"time":"2019-05-26T04:52:51.408Z"}
{"context":{"call":null,"logLevel":10,"namespace":"ts:serviceHost","package":"ts-jest","transformerId":1,"version":"24.0.2"},"message":"readFile","sequence":46,"time":"2019-05-26T04:52:51.411Z"}
{"context":{"call":null,"logLevel":10,"namespace":"ts:serviceHost","package":"ts-jest","transformerId":1,"version":"24.0.2"},"message":"readFile","sequence":47,"time":"2019-05-26T04:52:51.412Z"}
{"context":{"call":null,"logLevel":10,"namespace":"ts:serviceHost","package":"ts-jest","transformerId":1,"version":"24.0.2"},"message":"readFile","sequence":48,"time":"2019-05-26T04:52:51.414Z"}
{"context":{"call":null,"logLevel":10,"namespace":"ts:serviceHost","package":"ts-jest","transformerId":1,"version":"24.0.2"},"message":"readFile","sequence":49,"time":"2019-05-26T04:52:51.417Z"}
{"context":{"call":null,"logLevel":10,"namespace":"ts:serviceHost","package":"ts-jest","transformerId":1,"version":"24.0.2"},"message":"readFile","sequence":50,"time":"2019-05-26T04:52:51.421Z"}
{"context":{"call":null,"logLevel":10,"namespace":"ts:serviceHost","package":"ts-jest","transformerId":1,"version":"24.0.2"},"message":"readFile","sequence":51,"time":"2019-05-26T04:52:51.423Z"}
{"context":{"call":null,"logLevel":10,"namespace":"ts:serviceHost","package":"ts-jest","transformerId":1,"version":"24.0.2"},"message":"readFile","sequence":52,"time":"2019-05-26T04:52:51.425Z"}
{"context":{"call":null,"logLevel":10,"namespace":"ts:serviceHost","package":"ts-jest","transformerId":1,"version":"24.0.2"},"message":"readFile","sequence":53,"time":"2019-05-26T04:52:51.427Z"}
{"context":{"call":null,"logLevel":10,"namespace":"ts:serviceHost","package":"ts-jest","transformerId":1,"version":"24.0.2"},"message":"readFile","sequence":54,"time":"2019-05-26T04:52:51.429Z"}
{"context":{"call":null,"logLevel":10,"namespace":"ts:serviceHost","package":"ts-jest","transformerId":1,"version":"24.0.2"},"message":"readFile","sequence":55,"time":"2019-05-26T04:52:51.431Z"}
{"context":{"call":null,"logLevel":10,"namespace":"ts:serviceHost","package":"ts-jest","transformerId":1,"version":"24.0.2"},"message":"readFile","sequence":56,"time":"2019-05-26T04:52:51.433Z"}
{"context":{"call":null,"logLevel":10,"namespace":"ts:serviceHost","package":"ts-jest","transformerId":1,"version":"24.0.2"},"message":"readFile","sequence":57,"time":"2019-05-26T04:52:51.434Z"}
{"context":{"call":null,"logLevel":10,"namespace":"ts:serviceHost","package":"ts-jest","transformerId":1,"version":"24.0.2"},"message":"readFile","sequence":58,"time":"2019-05-26T04:52:51.439Z"}
{"context":{"call":null,"logLevel":10,"namespace":"ts:serviceHost","package":"ts-jest","transformerId":1,"version":"24.0.2"},"message":"readFile","sequence":59,"time":"2019-05-26T04:52:51.441Z"}
{"context":{"call":null,"logLevel":10,"namespace":"ts:serviceHost","package":"ts-jest","transformerId":1,"version":"24.0.2"},"message":"readFile","sequence":60,"time":"2019-05-26T04:52:51.448Z"}
{"context":{"call":null,"logLevel":10,"namespace":"ts:serviceHost","package":"ts-jest","transformerId":1,"version":"24.0.2"},"message":"readFile","sequence":61,"time":"2019-05-26T04:52:51.449Z"}
{"context":{"call":null,"logLevel":10,"namespace":"ts:serviceHost","package":"ts-jest","transformerId":1,"version":"24.0.2"},"message":"readFile","sequence":62,"time":"2019-05-26T04:52:51.450Z"}
{"context":{"call":null,"logLevel":10,"namespace":"ts:serviceHost","package":"ts-jest","transformerId":1,"version":"24.0.2"},"message":"readFile","sequence":63,"time":"2019-05-26T04:52:51.451Z"}
{"context":{"cacheHit":false,"fileName":"/js/node_modules/@types/babel__core/index.d.ts","logLevel":10,"namespace":"ts-compiler","package":"ts-jest","transformerId":1,"version":"24.0.2"},"message":"getScriptSnapshot(): cache miss","sequence":64,"time":"2019-05-26T04:52:51.453Z"}
{"context":{"call":null,"logLevel":10,"namespace":"ts:serviceHost","package":"ts-jest","transformerId":1,"version":"24.0.2"},"message":"readFile","sequence":65,"time":"2019-05-26T04:52:51.499Z"}
{"context":{"call":null,"logLevel":10,"namespace":"ts:serviceHost","package":"ts-jest","transformerId":1,"version":"24.0.2"},"message":"readFile","sequence":66,"time":"2019-05-26T04:52:51.502Z"}
{"context":{"call":null,"logLevel":10,"namespace":"ts:serviceHost","package":"ts-jest","transformerId":1,"version":"24.0.2"},"message":"readFile","sequence":67,"time":"2019-05-26T04:52:51.505Z"}
{"context":{"call":null,"logLevel":10,"namespace":"ts:serviceHost","package":"ts-jest","transformerId":1,"version":"24.0.2"},"message":"readFile","sequence":68,"time":"2019-05-26T04:52:51.507Z"}
{"context":{"call":null,"logLevel":10,"namespace":"ts:serviceHost","package":"ts-jest","transformerId":1,"version":"24.0.2"},"message":"readFile","sequence":69,"time":"2019-05-26T04:52:51.510Z"}
{"context":{"call":null,"logLevel":10,"namespace":"ts:serviceHost","package":"ts-jest","transformerId":1,"version":"24.0.2"},"message":"readFile","sequence":70,"time":"2019-05-26T04:52:51.513Z"}
{"context":{"call":null,"logLevel":10,"namespace":"ts:serviceHost","package":"ts-jest","transformerId":1,"version":"24.0.2"},"message":"readFile","sequence":71,"time":"2019-05-26T04:52:51.515Z"}
{"context":{"call":null,"logLevel":10,"namespace":"ts:serviceHost","package":"ts-jest","transformerId":1,"version":"24.0.2"},"message":"readFile","sequence":72,"time":"2019-05-26T04:52:51.518Z"}
{"context":{"cacheHit":false,"fileName":"/js/node_modules/@types/babel__generator/index.d.ts","logLevel":10,"namespace":"ts-compiler","package":"ts-jest","transformerId":1,"version":"24.0.2"},"message":"getScriptSnapshot(): cache miss","sequence":73,"time":"2019-05-26T04:52:51.519Z"}
{"context":{"cacheHit":false,"fileName":"/js/node_modules/@babel/types/lib/index.d.ts","logLevel":10,"namespace":"ts-compiler","package":"ts-jest","transformerId":1,"version":"24.0.2"},"message":"getScriptSnapshot(): cache miss","sequence":74,"time":"2019-05-26T04:52:51.524Z"}
{"context":{"cacheHit":false,"fileName":"/js/node_modules/@types/babel__traverse/index.d.ts","logLevel":10,"namespace":"ts-compiler","package":"ts-jest","transformerId":1,"version":"24.0.2"},"message":"getScriptSnapshot(): cache miss","sequence":75,"time":"2019-05-26T04:52:51.623Z"}
{"context":{"cacheHit":false,"fileName":"/js/node_modules/@types/babel__template/index.d.ts","logLevel":10,"namespace":"ts-compiler","package":"ts-jest","transformerId":1,"version":"24.0.2"},"message":"getScriptSnapshot(): cache miss","sequence":76,"time":"2019-05-26T04:52:51.668Z"}
{"context":{"cacheHit":false,"fileName":"/js/node_modules/@babel/parser/typings/babel-parser.d.ts","logLevel":10,"namespace":"ts-compiler","package":"ts-jest","transformerId":1,"version":"24.0.2"},"message":"getScriptSnapshot(): cache miss","sequence":77,"time":"2019-05-26T04:52:51.673Z"}
{"context":{"call":null,"logLevel":10,"namespace":"ts:serviceHost","package":"ts-jest","transformerId":1,"version":"24.0.2"},"message":"readFile","sequence":78,"time":"2019-05-26T04:52:51.681Z"}
{"context":{"cacheHit":false,"fileName":"/js/node_modules/@types/bluebird/index.d.ts","logLevel":10,"namespace":"ts-compiler","package":"ts-jest","transformerId":1,"version":"24.0.2"},"message":"getScriptSnapshot(): cache miss","sequence":79,"time":"2019-05-26T04:52:51.682Z"}
{"context":{"cacheHit":false,"fileName":"/js/node_modules/@types/istanbul-lib-coverage/index.d.ts","logLevel":10,"namespace":"ts-compiler","package":"ts-jest","transformerId":1,"version":"24.0.2"},"message":"getScriptSnapshot(): cache miss","sequence":80,"time":"2019-05-26T04:52:51.718Z"}
{"context":{"cacheHit":false,"fileName":"/js/node_modules/@types/istanbul-lib-report/index.d.ts","logLevel":10,"namespace":"ts-compiler","package":"ts-jest","transformerId":1,"version":"24.0.2"},"message":"getScriptSnapshot(): cache miss","sequence":81,"time":"2019-05-26T04:52:51.721Z"}
{"context":{"call":null,"logLevel":10,"namespace":"ts:serviceHost","package":"ts-jest","transformerId":1,"version":"24.0.2"},"message":"readFile","sequence":82,"time":"2019-05-26T04:52:51.724Z"}
{"context":{"call":null,"logLevel":10,"namespace":"ts:serviceHost","package":"ts-jest","transformerId":1,"version":"24.0.2"},"message":"readFile","sequence":83,"time":"2019-05-26T04:52:51.726Z"}
{"context":{"cacheHit":false,"fileName":"/js/node_modules/@types/istanbul-reports/index.d.ts","logLevel":10,"namespace":"ts-compiler","package":"ts-jest","transformerId":1,"version":"24.0.2"},"message":"getScriptSnapshot(): cache miss","sequence":84,"time":"2019-05-26T04:52:51.727Z"}
{"context":{"call":null,"logLevel":10,"namespace":"ts:serviceHost","package":"ts-jest","transformerId":1,"version":"24.0.2"},"message":"readFile","sequence":85,"time":"2019-05-26T04:52:51.729Z"}
{"context":{"call":null,"logLevel":10,"namespace":"ts:serviceHost","package":"ts-jest","transformerId":1,"version":"24.0.2"},"message":"readFile","sequence":86,"time":"2019-05-26T04:52:51.730Z"}
{"context":{"cacheHit":false,"fileName":"/js/node_modules/@types/jest/index.d.ts","logLevel":10,"namespace":"ts-compiler","package":"ts-jest","transformerId":1,"version":"24.0.2"},"message":"getScriptSnapshot(): cache miss","sequence":87,"time":"2019-05-26T04:52:51.731Z"}
{"context":{"call":null,"logLevel":10,"namespace":"ts:serviceHost","package":"ts-jest","transformerId":1,"version":"24.0.2"},"message":"readFile","sequence":88,"time":"2019-05-26T04:52:51.761Z"}
{"context":{"cacheHit":false,"fileName":"/js/node_modules/@types/jest-diff/index.d.ts","logLevel":10,"namespace":"ts-compiler","package":"ts-jest","transformerId":1,"version":"24.0.2"},"message":"getScriptSnapshot(): cache miss","sequence":89,"time":"2019-05-26T04:52:51.763Z"}
{"context":{"call":null,"logLevel":10,"namespace":"ts:serviceHost","package":"ts-jest","transformerId":1,"version":"24.0.2"},"message":"readFile","sequence":90,"time":"2019-05-26T04:52:51.766Z"}
{"context":{"cacheHit":false,"fileName":"/js/node_modules/jest-diff/build/index.d.ts","logLevel":10,"namespace":"ts-compiler","package":"ts-jest","transformerId":1,"version":"24.0.2"},"message":"getScriptSnapshot(): cache miss","sequence":91,"time":"2019-05-26T04:52:51.767Z"}
{"context":{"call":null,"logLevel":10,"namespace":"ts:serviceHost","package":"ts-jest","transformerId":1,"version":"24.0.2"},"message":"readFile","sequence":92,"time":"2019-05-26T04:52:51.769Z"}
{"context":{"cacheHit":false,"fileName":"/js/node_modules/jest-diff/build/types.d.ts","logLevel":10,"namespace":"ts-compiler","package":"ts-jest","transformerId":1,"version":"24.0.2"},"message":"getScriptSnapshot(): cache miss","sequence":93,"time":"2019-05-26T04:52:51.769Z"}
{"context":{"cacheHit":false,"fileName":"/js/node_modules/@types/node/ts3.2/index.d.ts","logLevel":10,"namespace":"ts-compiler","package":"ts-jest","transformerId":1,"version":"24.0.2"},"message":"getScriptSnapshot(): cache miss","sequence":94,"time":"2019-05-26T04:52:51.770Z"}
{"context":{"cacheHit":false,"fileName":"/js/node_modules/@types/node/base.d.ts","logLevel":10,"namespace":"ts-compiler","package":"ts-jest","transformerId":1,"version":"24.0.2"},"message":"getScriptSnapshot(): cache miss","sequence":95,"time":"2019-05-26T04:52:51.771Z"}
{"context":{"cacheHit":false,"fileName":"/js/node_modules/@types/node/globals.d.ts","logLevel":10,"namespace":"ts-compiler","package":"ts-jest","transformerId":1,"version":"24.0.2"},"message":"getScriptSnapshot(): cache miss","sequence":96,"time":"2019-05-26T04:52:51.772Z"}
{"context":{"cacheHit":false,"fileName":"/js/node_modules/@types/node/assert.d.ts","logLevel":10,"namespace":"ts-compiler","package":"ts-jest","transformerId":1,"version":"24.0.2"},"message":"getScriptSnapshot(): cache miss","sequence":97,"time":"2019-05-26T04:52:51.807Z"}
{"context":{"cacheHit":false,"fileName":"/js/node_modules/@types/node/async_hooks.d.ts","logLevel":10,"namespace":"ts-compiler","package":"ts-jest","transformerId":1,"version":"24.0.2"},"message":"getScriptSnapshot(): cache miss","sequence":98,"time":"2019-05-26T04:52:51.809Z"}
{"context":{"cacheHit":false,"fileName":"/js/node_modules/@types/node/buffer.d.ts","logLevel":10,"namespace":"ts-compiler","package":"ts-jest","transformerId":1,"version":"24.0.2"},"message":"getScriptSnapshot(): cache miss","sequence":99,"time":"2019-05-26T04:52:51.813Z"}
{"context":{"cacheHit":false,"fileName":"/js/node_modules/@types/node/child_process.d.ts","logLevel":10,"namespace":"ts-compiler","package":"ts-jest","transformerId":1,"version":"24.0.2"},"message":"getScriptSnapshot(): cache miss","sequence":100,"time":"2019-05-26T04:52:51.814Z"}
{"context":{"cacheHit":false,"fileName":"/js/node_modules/@types/node/cluster.d.ts","logLevel":10,"namespace":"ts-compiler","package":"ts-jest","transformerId":1,"version":"24.0.2"},"message":"getScriptSnapshot(): cache miss","sequence":101,"time":"2019-05-26T04:52:51.837Z"}
{"context":{"cacheHit":false,"fileName":"/js/node_modules/@types/node/console.d.ts","logLevel":10,"namespace":"ts-compiler","package":"ts-jest","transformerId":1,"version":"24.0.2"},"message":"getScriptSnapshot(): cache miss","sequence":102,"time":"2019-05-26T04:52:51.850Z"}
{"context":{"cacheHit":false,"fileName":"/js/node_modules/@types/node/constants.d.ts","logLevel":10,"namespace":"ts-compiler","package":"ts-jest","transformerId":1,"version":"24.0.2"},"message":"getScriptSnapshot(): cache miss","sequence":103,"time":"2019-05-26T04:52:51.850Z"}
{"context":{"cacheHit":false,"fileName":"/js/node_modules/@types/node/crypto.d.ts","logLevel":10,"namespace":"ts-compiler","package":"ts-jest","transformerId":1,"version":"24.0.2"},"message":"getScriptSnapshot(): cache miss","sequence":104,"time":"2019-05-26T04:52:51.858Z"}
{"context":{"cacheHit":false,"fileName":"/js/node_modules/@types/node/dgram.d.ts","logLevel":10,"namespace":"ts-compiler","package":"ts-jest","transformerId":1,"version":"24.0.2"},"message":"getScriptSnapshot(): cache miss","sequence":105,"time":"2019-05-26T04:52:51.870Z"}
{"context":{"cacheHit":false,"fileName":"/js/node_modules/@types/node/dns.d.ts","logLevel":10,"namespace":"ts-compiler","package":"ts-jest","transformerId":1,"version":"24.0.2"},"message":"getScriptSnapshot(): cache miss","sequence":106,"time":"2019-05-26T04:52:51.877Z"}
{"context":{"cacheHit":false,"fileName":"/js/node_modules/@types/node/domain.d.ts","logLevel":10,"namespace":"ts-compiler","package":"ts-jest","transformerId":1,"version":"24.0.2"},"message":"getScriptSnapshot(): cache miss","sequence":107,"time":"2019-05-26T04:52:51.882Z"}
{"context":{"cacheHit":false,"fileName":"/js/node_modules/@types/node/events.d.ts","logLevel":10,"namespace":"ts-compiler","package":"ts-jest","transformerId":1,"version":"24.0.2"},"message":"getScriptSnapshot(): cache miss","sequence":108,"time":"2019-05-26T04:52:51.884Z"}
{"context":{"cacheHit":false,"fileName":"/js/node_modules/@types/node/fs.d.ts","logLevel":10,"namespace":"ts-compiler","package":"ts-jest","transformerId":1,"version":"24.0.2"},"message":"getScriptSnapshot(): cache miss","sequence":109,"time":"2019-05-26T04:52:51.886Z"}
{"context":{"cacheHit":false,"fileName":"/js/node_modules/@types/node/http.d.ts","logLevel":10,"namespace":"ts-compiler","package":"ts-jest","transformerId":1,"version":"24.0.2"},"message":"getScriptSnapshot(): cache miss","sequence":110,"time":"2019-05-26T04:52:51.959Z"}
{"context":{"cacheHit":false,"fileName":"/js/node_modules/@types/node/http2.d.ts","logLevel":10,"namespace":"ts-compiler","package":"ts-jest","transformerId":1,"version":"24.0.2"},"message":"getScriptSnapshot(): cache miss","sequence":111,"time":"2019-05-26T04:52:51.965Z"}
{"context":{"cacheHit":false,"fileName":"/js/node_modules/@types/node/https.d.ts","logLevel":10,"namespace":"ts-compiler","package":"ts-jest","transformerId":1,"version":"24.0.2"},"message":"getScriptSnapshot(): cache miss","sequence":112,"time":"2019-05-26T04:52:51.999Z"}
{"context":{"cacheHit":false,"fileName":"/js/node_modules/@types/node/inspector.d.ts","logLevel":10,"namespace":"ts-compiler","package":"ts-jest","transformerId":1,"version":"24.0.2"},"message":"getScriptSnapshot(): cache miss","sequence":113,"time":"2019-05-26T04:52:52.000Z"}
{"context":{"cacheHit":false,"fileName":"/js/node_modules/@types/node/module.d.ts","logLevel":10,"namespace":"ts-compiler","package":"ts-jest","transformerId":1,"version":"24.0.2"},"message":"getScriptSnapshot(): cache miss","sequence":114,"time":"2019-05-26T04:52:52.035Z"}
{"context":{"cacheHit":false,"fileName":"/js/node_modules/@types/node/net.d.ts","logLevel":10,"namespace":"ts-compiler","package":"ts-jest","transformerId":1,"version":"24.0.2"},"message":"getScriptSnapshot(): cache miss","sequence":115,"time":"2019-05-26T04:52:52.035Z"}
{"context":{"cacheHit":false,"fileName":"/js/node_modules/@types/node/os.d.ts","logLevel":10,"namespace":"ts-compiler","package":"ts-jest","transformerId":1,"version":"24.0.2"},"message":"getScriptSnapshot(): cache miss","sequence":116,"time":"2019-05-26T04:52:52.040Z"}
{"context":{"cacheHit":false,"fileName":"/js/node_modules/@types/node/path.d.ts","logLevel":10,"namespace":"ts-compiler","package":"ts-jest","transformerId":1,"version":"24.0.2"},"message":"getScriptSnapshot(): cache miss","sequence":117,"time":"2019-05-26T04:52:52.042Z"}
{"context":{"cacheHit":false,"fileName":"/js/node_modules/@types/node/perf_hooks.d.ts","logLevel":10,"namespace":"ts-compiler","package":"ts-jest","transformerId":1,"version":"24.0.2"},"message":"getScriptSnapshot(): cache miss","sequence":118,"time":"2019-05-26T04:52:52.063Z"}
{"context":{"cacheHit":false,"fileName":"/js/node_modules/@types/node/process.d.ts","logLevel":10,"namespace":"ts-compiler","package":"ts-jest","transformerId":1,"version":"24.0.2"},"message":"getScriptSnapshot(): cache miss","sequence":119,"time":"2019-05-26T04:52:52.074Z"}
{"context":{"cacheHit":false,"fileName":"/js/node_modules/@types/node/punycode.d.ts","logLevel":10,"namespace":"ts-compiler","package":"ts-jest","transformerId":1,"version":"24.0.2"},"message":"getScriptSnapshot(): cache miss","sequence":120,"time":"2019-05-26T04:52:52.074Z"}
{"context":{"cacheHit":false,"fileName":"/js/node_modules/@types/node/querystring.d.ts","logLevel":10,"namespace":"ts-compiler","package":"ts-jest","transformerId":1,"version":"24.0.2"},"message":"getScriptSnapshot(): cache miss","sequence":121,"time":"2019-05-26T04:52:52.075Z"}
{"context":{"cacheHit":false,"fileName":"/js/node_modules/@types/node/readline.d.ts","logLevel":10,"namespace":"ts-compiler","package":"ts-jest","transformerId":1,"version":"24.0.2"},"message":"getScriptSnapshot(): cache miss","sequence":122,"time":"2019-05-26T04:52:52.076Z"}
{"context":{"cacheHit":false,"fileName":"/js/node_modules/@types/node/repl.d.ts","logLevel":10,"namespace":"ts-compiler","package":"ts-jest","transformerId":1,"version":"24.0.2"},"message":"getScriptSnapshot(): cache miss","sequence":123,"time":"2019-05-26T04:52:52.082Z"}
{"context":{"cacheHit":false,"fileName":"/js/node_modules/@types/node/stream.d.ts","logLevel":10,"namespace":"ts-compiler","package":"ts-jest","transformerId":1,"version":"24.0.2"},"message":"getScriptSnapshot(): cache miss","sequence":124,"time":"2019-05-26T04:52:52.102Z"}
{"context":{"cacheHit":false,"fileName":"/js/node_modules/@types/node/string_decoder.d.ts","logLevel":10,"namespace":"ts-compiler","package":"ts-jest","transformerId":1,"version":"24.0.2"},"message":"getScriptSnapshot(): cache miss","sequence":125,"time":"2019-05-26T04:52:52.118Z"}
{"context":{"cacheHit":false,"fileName":"/js/node_modules/@types/node/timers.d.ts","logLevel":10,"namespace":"ts-compiler","package":"ts-jest","transformerId":1,"version":"24.0.2"},"message":"getScriptSnapshot(): cache miss","sequence":126,"time":"2019-05-26T04:52:52.119Z"}
{"context":{"cacheHit":false,"fileName":"/js/node_modules/@types/node/tls.d.ts","logLevel":10,"namespace":"ts-compiler","package":"ts-jest","transformerId":1,"version":"24.0.2"},"message":"getScriptSnapshot(): cache miss","sequence":127,"time":"2019-05-26T04:52:52.121Z"}
{"context":{"cacheHit":false,"fileName":"/js/node_modules/@types/node/trace_events.d.ts","logLevel":10,"namespace":"ts-compiler","package":"ts-jest","transformerId":1,"version":"24.0.2"},"message":"getScriptSnapshot(): cache miss","sequence":128,"time":"2019-05-26T04:52:52.132Z"}
{"context":{"cacheHit":false,"fileName":"/js/node_modules/@types/node/tty.d.ts","logLevel":10,"namespace":"ts-compiler","package":"ts-jest","transformerId":1,"version":"24.0.2"},"message":"getScriptSnapshot(): cache miss","sequence":129,"time":"2019-05-26T04:52:52.133Z"}
{"context":{"cacheHit":false,"fileName":"/js/node_modules/@types/node/url.d.ts","logLevel":10,"namespace":"ts-compiler","package":"ts-jest","transformerId":1,"version":"24.0.2"},"message":"getScriptSnapshot(): cache miss","sequence":130,"time":"2019-05-26T04:52:52.138Z"}
{"context":{"cacheHit":false,"fileName":"/js/node_modules/@types/node/util.d.ts","logLevel":10,"namespace":"ts-compiler","package":"ts-jest","transformerId":1,"version":"24.0.2"},"message":"getScriptSnapshot(): cache miss","sequence":131,"time":"2019-05-26T04:52:52.147Z"}
{"context":{"cacheHit":false,"fileName":"/js/node_modules/@types/node/v8.d.ts","logLevel":10,"namespace":"ts-compiler","package":"ts-jest","transformerId":1,"version":"24.0.2"},"message":"getScriptSnapshot(): cache miss","sequence":132,"time":"2019-05-26T04:52:52.161Z"}
{"context":{"cacheHit":false,"fileName":"/js/node_modules/@types/node/vm.d.ts","logLevel":10,"namespace":"ts-compiler","package":"ts-jest","transformerId":1,"version":"24.0.2"},"message":"getScriptSnapshot(): cache miss","sequence":133,"time":"2019-05-26T04:52:52.163Z"}
{"context":{"cacheHit":false,"fileName":"/js/node_modules/@types/node/worker_threads.d.ts","logLevel":10,"namespace":"ts-compiler","package":"ts-jest","transformerId":1,"version":"24.0.2"},"message":"getScriptSnapshot(): cache miss","sequence":134,"time":"2019-05-26T04:52:52.166Z"}
{"context":{"cacheHit":false,"fileName":"/js/node_modules/@types/node/zlib.d.ts","logLevel":10,"namespace":"ts-compiler","package":"ts-jest","transformerId":1,"version":"24.0.2"},"message":"getScriptSnapshot(): cache miss","sequence":135,"time":"2019-05-26T04:52:52.173Z"}
{"context":{"cacheHit":false,"fileName":"/js/node_modules/@types/node/ts3.2/util.d.ts","logLevel":10,"namespace":"ts-compiler","package":"ts-jest","transformerId":1,"version":"24.0.2"},"message":"getScriptSnapshot(): cache miss","sequence":136,"time":"2019-05-26T04:52:52.186Z"}
{"context":{"cacheHit":false,"fileName":"/js/node_modules/@types/node/ts3.2/globals.d.ts","logLevel":10,"namespace":"ts-compiler","package":"ts-jest","transformerId":1,"version":"24.0.2"},"message":"getScriptSnapshot(): cache miss","sequence":137,"time":"2019-05-26T04:52:52.187Z"}
{"context":{"cacheHit":false,"fileName":"/js/node_modules/typescript/lib/lib.es2018.d.ts","logLevel":10,"namespace":"ts-compiler","package":"ts-jest","transformerId":1,"version":"24.0.2"},"message":"getScriptSnapshot(): cache miss","sequence":138,"time":"2019-05-26T04:52:52.187Z"}
{"context":{"cacheHit":false,"fileName":"/js/node_modules/typescript/lib/lib.es2017.d.ts","logLevel":10,"namespace":"ts-compiler","package":"ts-jest","transformerId":1,"version":"24.0.2"},"message":"getScriptSnapshot(): cache miss","sequence":139,"time":"2019-05-26T04:52:52.188Z"}
{"context":{"cacheHit":false,"fileName":"/js/node_modules/typescript/lib/lib.es2016.d.ts","logLevel":10,"namespace":"ts-compiler","package":"ts-jest","transformerId":1,"version":"24.0.2"},"message":"getScriptSnapshot(): cache miss","sequence":140,"time":"2019-05-26T04:52:52.189Z"}
{"context":{"cacheHit":false,"fileName":"/js/node_modules/typescript/lib/lib.es2015.d.ts","logLevel":10,"namespace":"ts-compiler","package":"ts-jest","transformerId":1,"version":"24.0.2"},"message":"getScriptSnapshot(): cache miss","sequence":141,"time":"2019-05-26T04:52:52.190Z"}
{"context":{"cacheHit":false,"fileName":"/js/node_modules/typescript/lib/lib.es5.d.ts","logLevel":10,"namespace":"ts-compiler","package":"ts-jest","transformerId":1,"version":"24.0.2"},"message":"getScriptSnapshot(): cache miss","sequence":142,"time":"2019-05-26T04:52:52.190Z"}
{"context":{"cacheHit":false,"fileName":"/js/node_modules/typescript/lib/lib.es2015.core.d.ts","logLevel":10,"namespace":"ts-compiler","package":"ts-jest","transformerId":1,"version":"24.0.2"},"message":"getScriptSnapshot(): cache miss","sequence":143,"time":"2019-05-26T04:52:52.293Z"}
{"context":{"cacheHit":false,"fileName":"/js/node_modules/typescript/lib/lib.es2015.collection.d.ts","logLevel":10,"namespace":"ts-compiler","package":"ts-jest","transformerId":1,"version":"24.0.2"},"message":"getScriptSnapshot(): cache miss","sequence":144,"time":"2019-05-26T04:52:52.297Z"}
{"context":{"cacheHit":false,"fileName":"/js/node_modules/typescript/lib/lib.es2015.generator.d.ts","logLevel":10,"namespace":"ts-compiler","package":"ts-jest","transformerId":1,"version":"24.0.2"},"message":"getScriptSnapshot(): cache miss","sequence":145,"time":"2019-05-26T04:52:52.299Z"}
{"context":{"cacheHit":false,"fileName":"/js/node_modules/typescript/lib/lib.es2015.promise.d.ts","logLevel":10,"namespace":"ts-compiler","package":"ts-jest","transformerId":1,"version":"24.0.2"},"message":"getScriptSnapshot(): cache miss","sequence":146,"time":"2019-05-26T04:52:52.300Z"}
{"context":{"cacheHit":false,"fileName":"/js/node_modules/typescript/lib/lib.es2015.iterable.d.ts","logLevel":10,"namespace":"ts-compiler","package":"ts-jest","transformerId":1,"version":"24.0.2"},"message":"getScriptSnapshot(): cache miss","sequence":147,"time":"2019-05-26T04:52:52.303Z"}
{"context":{"cacheHit":false,"fileName":"/js/node_modules/typescript/lib/lib.es2015.symbol.d.ts","logLevel":10,"namespace":"ts-compiler","package":"ts-jest","transformerId":1,"version":"24.0.2"},"message":"getScriptSnapshot(): cache miss","sequence":148,"time":"2019-05-26T04:52:52.310Z"}
{"context":{"cacheHit":false,"fileName":"/js/node_modules/typescript/lib/lib.es2015.proxy.d.ts","logLevel":10,"namespace":"ts-compiler","package":"ts-jest","transformerId":1,"version":"24.0.2"},"message":"getScriptSnapshot(): cache miss","sequence":149,"time":"2019-05-26T04:52:52.311Z"}
{"context":{"cacheHit":false,"fileName":"/js/node_modules/typescript/lib/lib.es2015.reflect.d.ts","logLevel":10,"namespace":"ts-compiler","package":"ts-jest","transformerId":1,"version":"24.0.2"},"message":"getScriptSnapshot(): cache miss","sequence":150,"time":"2019-05-26T04:52:52.312Z"}
{"context":{"cacheHit":false,"fileName":"/js/node_modules/typescript/lib/lib.es2015.symbol.wellknown.d.ts","logLevel":10,"namespace":"ts-compiler","package":"ts-jest","transformerId":1,"version":"24.0.2"},"message":"getScriptSnapshot(): cache miss","sequence":151,"time":"2019-05-26T04:52:52.313Z"}
{"context":{"cacheHit":false,"fileName":"/js/node_modules/typescript/lib/lib.es2016.array.include.d.ts","logLevel":10,"namespace":"ts-compiler","package":"ts-jest","transformerId":1,"version":"24.0.2"},"message":"getScriptSnapshot(): cache miss","sequence":152,"time":"2019-05-26T04:52:52.317Z"}
{"context":{"cacheHit":false,"fileName":"/js/node_modules/typescript/lib/lib.es2017.object.d.ts","logLevel":10,"namespace":"ts-compiler","package":"ts-jest","transformerId":1,"version":"24.0.2"},"message":"getScriptSnapshot(): cache miss","sequence":153,"time":"2019-05-26T04:52:52.318Z"}
{"context":{"cacheHit":false,"fileName":"/js/node_modules/typescript/lib/lib.es2017.sharedmemory.d.ts","logLevel":10,"namespace":"ts-compiler","package":"ts-jest","transformerId":1,"version":"24.0.2"},"message":"getScriptSnapshot(): cache miss","sequence":154,"time":"2019-05-26T04:52:52.319Z"}
{"context":{"cacheHit":false,"fileName":"/js/node_modules/typescript/lib/lib.es2017.string.d.ts","logLevel":10,"namespace":"ts-compiler","package":"ts-jest","transformerId":1,"version":"24.0.2"},"message":"getScriptSnapshot(): cache miss","sequence":155,"time":"2019-05-26T04:52:52.321Z"}
{"context":{"cacheHit":false,"fileName":"/js/node_modules/typescript/lib/lib.es2017.intl.d.ts","logLevel":10,"namespace":"ts-compiler","package":"ts-jest","transformerId":1,"version":"24.0.2"},"message":"getScriptSnapshot(): cache miss","sequence":156,"time":"2019-05-26T04:52:52.321Z"}
{"context":{"cacheHit":false,"fileName":"/js/node_modules/typescript/lib/lib.es2017.typedarrays.d.ts","logLevel":10,"namespace":"ts-compiler","package":"ts-jest","transformerId":1,"version":"24.0.2"},"message":"getScriptSnapshot(): cache miss","sequence":157,"time":"2019-05-26T04:52:52.322Z"}
{"context":{"cacheHit":false,"fileName":"/js/node_modules/typescript/lib/lib.es2018.asynciterable.d.ts","logLevel":10,"namespace":"ts-compiler","package":"ts-jest","transformerId":1,"version":"24.0.2"},"message":"getScriptSnapshot(): cache miss","sequence":158,"time":"2019-05-26T04:52:52.322Z"}
{"context":{"cacheHit":false,"fileName":"/js/node_modules/typescript/lib/lib.es2018.promise.d.ts","logLevel":10,"namespace":"ts-compiler","package":"ts-jest","transformerId":1,"version":"24.0.2"},"message":"getScriptSnapshot(): cache miss","sequence":159,"time":"2019-05-26T04:52:52.323Z"}
{"context":{"cacheHit":false,"fileName":"/js/node_modules/typescript/lib/lib.es2018.regexp.d.ts","logLevel":10,"namespace":"ts-compiler","package":"ts-jest","transformerId":1,"version":"24.0.2"},"message":"getScriptSnapshot(): cache miss","sequence":160,"time":"2019-05-26T04:52:52.323Z"}
{"context":{"cacheHit":false,"fileName":"/js/node_modules/typescript/lib/lib.es2018.intl.d.ts","logLevel":10,"namespace":"ts-compiler","package":"ts-jest","transformerId":1,"version":"24.0.2"},"message":"getScriptSnapshot(): cache miss","sequence":161,"time":"2019-05-26T04:52:52.324Z"}
{"context":{"cacheHit":false,"fileName":"/js/node_modules/typescript/lib/lib.esnext.intl.d.ts","logLevel":10,"namespace":"ts-compiler","package":"ts-jest","transformerId":1,"version":"24.0.2"},"message":"getScriptSnapshot(): cache miss","sequence":162,"time":"2019-05-26T04:52:52.324Z"}
{"context":{"cacheHit":false,"fileName":"/js/node_modules/typescript/lib/lib.esnext.bigint.d.ts","logLevel":10,"namespace":"ts-compiler","package":"ts-jest","transformerId":1,"version":"24.0.2"},"message":"getScriptSnapshot(): cache miss","sequence":163,"time":"2019-05-26T04:52:52.324Z"}
{"context":{"cacheHit":false,"fileName":"/js/node_modules/@types/pg/index.d.ts","logLevel":10,"namespace":"ts-compiler","package":"ts-jest","transformerId":1,"version":"24.0.2"},"message":"getScriptSnapshot(): cache miss","sequence":164,"time":"2019-05-26T04:52:52.333Z"}
{"context":{"call":null,"logLevel":10,"namespace":"ts:serviceHost","package":"ts-jest","transformerId":1,"version":"24.0.2"},"message":"readFile","sequence":165,"time":"2019-05-26T04:52:52.336Z"}
{"context":{"call":null,"logLevel":10,"namespace":"ts:serviceHost","package":"ts-jest","transformerId":1,"version":"24.0.2"},"message":"readFile","sequence":166,"time":"2019-05-26T04:52:52.341Z"}
{"context":{"call":null,"logLevel":10,"namespace":"ts:serviceHost","package":"ts-jest","transformerId":1,"version":"24.0.2"},"message":"readFile","sequence":167,"time":"2019-05-26T04:52:52.343Z"}
{"context":{"call":null,"logLevel":10,"namespace":"ts:serviceHost","package":"ts-jest","transformerId":1,"version":"24.0.2"},"message":"readFile","sequence":168,"time":"2019-05-26T04:52:52.345Z"}
{"context":{"cacheHit":false,"fileName":"/js/node_modules/@types/pg-types/index.d.ts","logLevel":10,"namespace":"ts-compiler","package":"ts-jest","transformerId":1,"version":"24.0.2"},"message":"getScriptSnapshot(): cache miss","sequence":169,"time":"2019-05-26T04:52:52.345Z"}
{"context":{"cacheHit":false,"fileName":"/js/node_modules/@types/stack-utils/index.d.ts","logLevel":10,"namespace":"ts-compiler","package":"ts-jest","transformerId":1,"version":"24.0.2"},"message":"getScriptSnapshot(): cache miss","sequence":170,"time":"2019-05-26T04:52:52.346Z"}
{"context":{"cacheHit":false,"fileName":"/js/node_modules/@types/yargs/index.d.ts","logLevel":10,"namespace":"ts-compiler","package":"ts-jest","transformerId":1,"version":"24.0.2"},"message":"getScriptSnapshot(): cache miss","sequence":171,"time":"2019-05-26T04:52:52.347Z"}
{"context":{"cacheHit":false,"fileName":"/js/node_modules/typescript/lib/lib.d.ts","logLevel":10,"namespace":"ts-compiler","package":"ts-jest","transformerId":1,"version":"24.0.2"},"message":"getScriptSnapshot(): cache miss","sequence":172,"time":"2019-05-26T04:52:52.362Z"}
{"context":{"cacheHit":false,"fileName":"/js/node_modules/typescript/lib/lib.dom.d.ts","logLevel":10,"namespace":"ts-compiler","package":"ts-jest","transformerId":1,"version":"24.0.2"},"message":"getScriptSnapshot(): cache miss","sequence":173,"time":"2019-05-26T04:52:52.362Z"}
{"context":{"cacheHit":false,"fileName":"/js/node_modules/typescript/lib/lib.webworker.importscripts.d.ts","logLevel":10,"namespace":"ts-compiler","package":"ts-jest","transformerId":1,"version":"24.0.2"},"message":"getScriptSnapshot(): cache miss","sequence":174,"time":"2019-05-26T04:52:52.570Z"}
{"context":{"cacheHit":false,"fileName":"/js/node_modules/typescript/lib/lib.scripthost.d.ts","logLevel":10,"namespace":"ts-compiler","package":"ts-jest","transformerId":1,"version":"24.0.2"},"message":"getScriptSnapshot(): cache miss","sequence":175,"time":"2019-05-26T04:52:52.571Z"}
{"context":{"call":null,"logLevel":20,"namespace":"ts-hoisting","package":"ts-jest","transformerId":1,"version":"24.0.2"},"message":"visitSourceFileNode(): hoisting","sequence":176,"time":"2019-05-26T04:52:53.566Z"}
{"context":{"fileName":"/js/server/src/spec.ts","logLevel":20,"namespace":"ts-compiler","package":"ts-jest","transformerId":1,"version":"24.0.2"},"message":"getOutput(): computing diagnostics","sequence":177,"time":"2019-05-26T04:52:53.590Z"}
{"context":{"cacheHit":true,"fileName":"/js/server/src/spec.ts","logLevel":10,"namespace":"ts-compiler","package":"ts-jest","transformerId":1,"version":"24.0.2"},"message":"getScriptSnapshot(): cache hit","sequence":178,"time":"2019-05-26T04:52:53.590Z"}
{"context":{"cacheHit":true,"fileName":"/js/server/src/spec.ts","logLevel":10,"namespace":"ts-compiler","package":"ts-jest","transformerId":1,"version":"24.0.2"},"message":"getScriptSnapshot(): cache hit","sequence":179,"time":"2019-05-26T04:52:53.591Z"}
{"context":{"cacheHit":true,"fileName":"/js/server/src/spec.ts","logLevel":10,"namespace":"ts-compiler","package":"ts-jest","transformerId":1,"version":"24.0.2"},"message":"getScriptSnapshot(): cache hit","sequence":180,"time":"2019-05-26T04:52:53.591Z"}
{"context":{"fileName":"/js/server/src/spec.ts","logLevel":20,"namespace":"ts-compiler","outputPath":"/tmp/jest_0/ts-jest/6b/23dc669fe8df849f5f80f06c45a478cbe78297/dfda029d082173b03443dc7d6eae241faef81372.js","package":"ts-jest","transformerId":1,"version":"24.0.2"},"message":"readThrough(): writing caches","sequence":181,"time":"2019-05-26T04:52:53.592Z"}
{"context":{"fileName":"/js/server/src/Product.ts","logLevel":20,"namespace":"jest-transformer","package":"ts-jest","transformOptions":{"config":{"automock":false,"browser":false,"cache":true,"cacheDirectory":"/tmp/jest_0","clearMocks":true,"coveragePathIgnorePatterns":["/node_modules/"],"cwd":"/js","dependencyExtractor":null,"detectLeaks":false,"detectOpenHandles":false,"displayName":"SERVER","errorOnDeprecated":false,"filter":null,"forceCoverageMatch":[],"globalSetup":null,"globalTeardown":null,"globals":{"ts-jest":{"tsConfig":"tsconfig.json"}},"haste":{"computeSha1":false,"providesModuleNodeModules":[],"throwOnModuleCollision":false},"moduleDirectories":["node_modules"],"moduleFileExtensions":["js","json","jsx","ts","tsx","node"],"moduleNameMapper":{},"modulePathIgnorePatterns":[],"name":"524dcda91d222f1438dacdc6254406cd","prettierPath":"prettier","resetMocks":false,"resetModules":false,"resolver":null,"restoreMocks":false,"rootDir":"/js/server","roots":["/js/server/src"],"runner":"jest-runner","setupFiles":[],"setupFilesAfterEnv":[],"skipFilter":false,"snapshotSerializers":[],"testEnvironment":"/js/node_modules/jest-environment-node/build/index.js","testEnvironmentOptions":{},"testLocationInResults":false,"testMatch":["**/__spec__/**/*.ts","**/?(*.)spec.ts"],"testPathIgnorePatterns":["/node_modules/"],"testRegex":[],"testRunner":"/js/node_modules/jest-jasmine2/build/index.js","testURL":"http://localhost","timers":"real","transform":[["^.+\\.tsx?$","/js/node_modules/ts-jest/dist/index.js"]],"transformIgnorePatterns":["/node_modules/"],"watchPathIgnorePatterns":[]},"instrument":false,"rootDir":"/js/server"},"transformerId":1,"version":"24.0.2"},"message":"computing cache key for /js/server/src/Product.ts","sequence":182,"time":"2019-05-26T04:52:53.609Z"}
{"context":{"fileName":"/js/server/src/Product.ts","logLevel":20,"namespace":"jest-transformer","package":"ts-jest","transformOptions":{"instrument":false},"transformerId":1,"version":"24.0.2"},"message":"processing /js/server/src/Product.ts","sequence":183,"time":"2019-05-26T04:52:53.611Z"}
{"context":{"fileName":"/js/server/src/Product.ts","logLevel":20,"namespace":"ts-compiler","package":"ts-jest","transformerId":1,"version":"24.0.2"},"message":"readThrough(): cache miss","sequence":184,"time":"2019-05-26T04:52:53.611Z"}
{"context":{"fileName":"/js/server/src/Product.ts","logLevel":20,"namespace":"ts-compiler","package":"ts-jest","transformerId":1,"version":"24.0.2"},"message":"getOutput(): compiling using language service","sequence":185,"time":"2019-05-26T04:52:53.611Z"}
{"context":{"fileName":"/js/server/src/Product.ts","logLevel":20,"namespace":"ts-compiler","package":"ts-jest","transformerId":1,"version":"24.0.2"},"message":"updateMemoryCache()","sequence":186,"time":"2019-05-26T04:52:53.611Z"}
{"context":{"cacheHit":true,"fileName":"/js/server/src/spec.ts","logLevel":10,"namespace":"ts-compiler","package":"ts-jest","transformerId":1,"version":"24.0.2"},"message":"getScriptSnapshot(): cache hit","sequence":187,"time":"2019-05-26T04:52:53.611Z"}
{"context":{"call":null,"logLevel":20,"namespace":"ts-hoisting","package":"ts-jest","transformerId":1,"version":"24.0.2"},"message":"visitSourceFileNode(): hoisting","sequence":188,"time":"2019-05-26T04:52:53.643Z"}
{"context":{"fileName":"/js/server/src/Product.ts","logLevel":20,"namespace":"ts-compiler","package":"ts-jest","transformerId":1,"version":"24.0.2"},"message":"getOutput(): computing diagnostics","sequence":189,"time":"2019-05-26T04:52:53.668Z"}
{"context":{"cacheHit":true,"fileName":"/js/server/src/spec.ts","logLevel":10,"namespace":"ts-compiler","package":"ts-jest","transformerId":1,"version":"24.0.2"},"message":"getScriptSnapshot(): cache hit","sequence":190,"time":"2019-05-26T04:52:53.668Z"}
{"context":{"cacheHit":true,"fileName":"/js/server/src/spec.ts","logLevel":10,"namespace":"ts-compiler","package":"ts-jest","transformerId":1,"version":"24.0.2"},"message":"getScriptSnapshot(): cache hit","sequence":191,"time":"2019-05-26T04:52:53.669Z"}
{"context":{"cacheHit":true,"fileName":"/js/server/src/spec.ts","logLevel":10,"namespace":"ts-compiler","package":"ts-jest","transformerId":1,"version":"24.0.2"},"message":"getScriptSnapshot(): cache hit","sequence":192,"time":"2019-05-26T04:52:53.669Z"}
{"context":{"fileName":"/js/server/src/Product.ts","logLevel":20,"namespace":"ts-compiler","outputPath":"/tmp/jest_0/ts-jest/6b/23dc669fe8df849f5f80f06c45a478cbe78297/a17dcb93bb1cfd2ca390d02aea927bd7d5aec91c.js","package":"ts-jest","transformerId":1,"version":"24.0.2"},"message":"readThrough(): writing caches","sequence":193,"time":"2019-05-26T04:52:53.669Z"}
